# JRE version: Java(TM) SE Runtime Environment (8.0_221-b11) (build 1.8.0_221-b11)
# Java VM: Java HotSpot(TM) 64-Bit Server VM (25.221-b11 mixed mode windows-amd64 compressed oops)
Heap:
 PSYoungGen      total 449024K, used 11936K [0x000000076af00000, 0x0000000787880000, 0x00000007c0000000)
  eden space 430592K, 0% used [0x000000076af00000,0x000000076af00000,0x0000000785380000)
  from space 18432K, 64% used [0x0000000786680000,0x00000007872280c0,0x0000000787880000)
  to   space 18944K, 0% used [0x0000000785380000,0x0000000785380000,0x0000000786600000)
 ParOldGen       total 154112K, used 25969K [0x00000006c0c00000, 0x00000006ca280000, 0x000000076af00000)
  object space 154112K, 16% used [0x00000006c0c00000,0x00000006c255c500,0x00000006ca280000)
 Metaspace       used 48949K, capacity 51504K, committed 51840K, reserved 1093632K
  class space    used 6452K, capacity 6944K, committed 7040K, reserved 1048576K
GC Heap History (10 events):
Event: 1.699 GC heap after
Heap after GC invocations=6 (full 1):
 PSYoungGen      total 272384K, used 10740K [0x000000076af00000, 0x0000000780b00000, 0x00000007c0000000)
  eden space 261632K, 0% used [0x000000076af00000,0x000000076af00000,0x000000077ae80000)
  from space 10752K, 99% used [0x000000077ae80000,0x000000077b8fd0a8,0x000000077b900000)
  to   space 13824K, 0% used [0x000000077fd80000,0x000000077fd80000,0x0000000780b00000)
 ParOldGen       total 95232K, used 8069K [0x00000006c0c00000, 0x00000006c6900000, 0x000000076af00000)
  object space 95232K, 8% used [0x00000006c0c00000,0x00000006c13e1548,0x00000006c6900000)
 Metaspace       used 33605K, capacity 35358K, committed 35456K, reserved 1079296K
  class space    used 4587K, capacity 4937K, committed 4992K, reserved 1048576K
}
Event: 1.699 GC heap before
{Heap before GC invocations=7 (full 2):
 PSYoungGen      total 272384K, used 10740K [0x000000076af00000, 0x0000000780b00000, 0x00000007c0000000)
  eden space 261632K, 0% used [0x000000076af00000,0x000000076af00000,0x000000077ae80000)
  from space 10752K, 99% used [0x000000077ae80000,0x000000077b8fd0a8,0x000000077b900000)
  to   space 13824K, 0% used [0x000000077fd80000,0x000000077fd80000,0x0000000780b00000)
 ParOldGen       total 95232K, used 8069K [0x00000006c0c00000, 0x00000006c6900000, 0x000000076af00000)
  object space 95232K, 8% used [0x00000006c0c00000,0x00000006c13e1548,0x00000006c6900000)
 Metaspace       used 33605K, capacity 35358K, committed 35456K, reserved 1079296K
  class space    used 4587K, capacity 4937K, committed 4992K, reserved 1048576K
Event: 1.747 GC heap after
Heap after GC invocations=7 (full 2):
 PSYoungGen      total 272384K, used 0K [0x000000076af00000, 0x0000000780b00000, 0x00000007c0000000)
  eden space 261632K, 0% used [0x000000076af00000,0x000000076af00000,0x000000077ae80000)
  from space 10752K, 0% used [0x000000077ae80000,0x000000077ae80000,0x000000077b900000)
  to   space 13824K, 0% used [0x000000077fd80000,0x000000077fd80000,0x0000000780b00000)
 ParOldGen       total 154112K, used 16991K [0x00000006c0c00000, 0x00000006ca280000, 0x000000076af00000)
  object space 154112K, 11% used [0x00000006c0c00000,0x00000006c1c97eb8,0x00000006ca280000)
 Metaspace       used 33605K, capacity 35358K, committed 35456K, reserved 1079296K
  class space    used 4587K, capacity 4937K, committed 4992K, reserved 1048576K
}
Event: 12.628 GC heap before
{Heap before GC invocations=8 (full 2):
 PSYoungGen      total 272384K, used 261632K [0x000000076af00000, 0x0000000780b00000, 0x00000007c0000000)
  eden space 261632K, 100% used [0x000000076af00000,0x000000077ae80000,0x000000077ae80000)
  from space 10752K, 0% used [0x000000077ae80000,0x000000077ae80000,0x000000077b900000)
  to   space 13824K, 0% used [0x000000077fd80000,0x000000077fd80000,0x0000000780b00000)
 ParOldGen       total 154112K, used 16991K [0x00000006c0c00000, 0x00000006ca280000, 0x000000076af00000)
  object space 154112K, 11% used [0x00000006c0c00000,0x00000006c1c97eb8,0x00000006ca280000)
 Metaspace       used 48712K, capacity 51232K, committed 51456K, reserved 1093632K
  class space    used 6416K, capacity 6889K, committed 6912K, reserved 1048576K
Event: 12.640 GC heap after
Heap after GC invocations=8 (full 2):
 PSYoungGen      total 335360K, used 13803K [0x000000076af00000, 0x0000000783f00000, 0x00000007c0000000)
  eden space 321536K, 0% used [0x000000076af00000,0x000000076af00000,0x000000077e900000)
  from space 13824K, 99% used [0x000000077fd80000,0x0000000780afaf80,0x0000000780b00000)
  to   space 20992K, 0% used [0x000000077e900000,0x000000077e900000,0x000000077fd80000)
 ParOldGen       total 154112K, used 25953K [0x00000006c0c00000, 0x00000006ca280000, 0x000000076af00000)
  object space 154112K, 16% used [0x00000006c0c00000,0x00000006c2558500,0x00000006ca280000)
 Metaspace       used 48712K, capacity 51232K, committed 51456K, reserved 1093632K
  class space    used 6416K, capacity 6889K, committed 6912K, reserved 1048576K
}
Event: 1520.250 GC heap before
{Heap before GC invocations=9 (full 2):
 PSYoungGen      total 335360K, used 335339K [0x000000076af00000, 0x0000000783f00000, 0x00000007c0000000)
  eden space 321536K, 100% used [0x000000076af00000,0x000000077e900000,0x000000077e900000)
  from space 13824K, 99% used [0x000000077fd80000,0x0000000780afaf80,0x0000000780b00000)
  to   space 20992K, 0% used [0x000000077e900000,0x000000077e900000,0x000000077fd80000)
 ParOldGen       total 154112K, used 25953K [0x00000006c0c00000, 0x00000006ca280000, 0x000000076af00000)
  object space 154112K, 16% used [0x00000006c0c00000,0x00000006c2558500,0x00000006ca280000)
 Metaspace       used 48851K, capacity 51404K, committed 51584K, reserved 1093632K
  class space    used 6437K, capacity 6923K, committed 7040K, reserved 1048576K
Event: 1520.255 GC heap after
Heap after GC invocations=9 (full 2):
 PSYoungGen      total 342528K, used 11730K [0x000000076af00000, 0x0000000787980000, 0x00000007c0000000)
  eden space 321536K, 0% used [0x000000076af00000,0x000000076af00000,0x000000077e900000)
  from space 20992K, 55% used [0x000000077e900000,0x000000077f474bf0,0x000000077fd80000)
  to   space 19456K, 0% used [0x0000000786680000,0x0000000786680000,0x0000000787980000)
 ParOldGen       total 154112K, used 25961K [0x00000006c0c00000, 0x00000006ca280000, 0x000000076af00000)
  object space 154112K, 16% used [0x00000006c0c00000,0x00000006c255a500,0x00000006ca280000)
 Metaspace       used 48851K, capacity 51404K, committed 51584K, reserved 1093632K
  class space    used 6437K, capacity 6923K, committed 7040K, reserved 1048576K
}
Event: 2318.285 GC heap before
{Heap before GC invocations=10 (full 2):
 PSYoungGen      total 342528K, used 197519K [0x000000076af00000, 0x0000000787980000, 0x00000007c0000000)
  eden space 321536K, 57% used [0x000000076af00000,0x000000077646f068,0x000000077e900000)
  from space 20992K, 55% used [0x000000077e900000,0x000000077f474bf0,0x000000077fd80000)
  to   space 19456K, 0% used [0x0000000786680000,0x0000000786680000,0x0000000787980000)
 ParOldGen       total 154112K, used 25961K [0x00000006c0c00000, 0x00000006ca280000, 0x000000076af00000)
  object space 154112K, 16% used [0x00000006c0c00000,0x00000006c255a500,0x00000006ca280000)
 Metaspace       used 48949K, capacity 51504K, committed 51840K, reserved 1093632K
  class space    used 6452K, capacity 6944K, committed 7040K, reserved 1048576K
Event: 2318.292 GC heap after
Heap after GC invocations=10 (full 2):
 PSYoungGen      total 449024K, used 11936K [0x000000076af00000, 0x0000000787880000, 0x00000007c0000000)
  eden space 430592K, 0% used [0x000000076af00000,0x000000076af00000,0x0000000785380000)
  from space 18432K, 64% used [0x0000000786680000,0x00000007872280c0,0x0000000787880000)
  to   space 18944K, 0% used [0x0000000785380000,0x0000000785380000,0x0000000786600000)
 ParOldGen       total 154112K, used 25969K [0x00000006c0c00000, 0x00000006ca280000, 0x000000076af00000)
  object space 154112K, 16% used [0x00000006c0c00000,0x00000006c255c500,0x00000006ca280000)
 Metaspace       used 48949K, capacity 51504K, committed 51840K, reserved 1093632K
  class space    used 6452K, capacity 6944K, committed 7040K, reserved 1048576K
}
Event: 2318.292 GC heap before
{Heap before GC invocations=11 (full 3):
 PSYoungGen      total 449024K, used 11936K [0x000000076af00000, 0x0000000787880000, 0x00000007c0000000)
  eden space 430592K, 0% used [0x000000076af00000,0x000000076af00000,0x0000000785380000)
  from space 18432K, 64% used [0x0000000786680000,0x00000007872280c0,0x0000000787880000)
  to   space 18944K, 0% used [0x0000000785380000,0x0000000785380000,0x0000000786600000)
 ParOldGen       total 154112K, used 25969K [0x00000006c0c00000, 0x00000006ca280000, 0x000000076af00000)
  object space 154112K, 16% used [0x00000006c0c00000,0x00000006c255c500,0x00000006ca280000)
 Metaspace       used 48949K, capacity 51504K, committed 51840K, reserved 1093632K
  class space    used 6452K, capacity 6944K, committed 7040K, reserved 1048576K

